[INFO  - 2018-04-10T10:23:32.088Z] GhostDriver - Main - running on port 46341
[INFO  - 2018-04-10T10:23:32.939Z] Session [38787c80-3ca9-11e8-985d-9d2043ca1d56] - page.settings - {"XSSAuditingEnabled":false,"javascriptCanCloseWindows":true,"javascriptCanOpenWindows":true,"javascriptEnabled":true,"loadImages":true,"localToRemoteUrlAccessEnabled":false,"userAgent":"Mozilla/5.0 (Unknown; Linux x86_64) AppleWebKit/538.1 (KHTML, like Gecko) PhantomJS/2.1.1 Safari/538.1","webSecurityEnabled":true}
[INFO  - 2018-04-10T10:23:32.939Z] Session [38787c80-3ca9-11e8-985d-9d2043ca1d56] - page.customHeaders:  - {}
[INFO  - 2018-04-10T10:23:32.939Z] Session [38787c80-3ca9-11e8-985d-9d2043ca1d56] - Session.negotiatedCapabilities - {"browserName":"phantomjs","version":"2.1.1","driverName":"ghostdriver","driverVersion":"1.2.0","platform":"linux-unknown-64bit","javascriptEnabled":true,"takesScreenshot":true,"handlesAlerts":false,"databaseEnabled":false,"locationContextEnabled":false,"applicationCacheEnabled":false,"browserConnectionEnabled":false,"cssSelectorsEnabled":true,"webStorageEnabled":false,"rotatable":false,"acceptSslCerts":false,"nativeEvents":true,"proxy":{"proxyType":"direct"}}
[INFO  - 2018-04-10T10:23:32.939Z] SessionManagerReqHand - _postNewSessionCommand - New Session Created: 38787c80-3ca9-11e8-985d-9d2043ca1d56
[ERROR - 2018-04-10T10:23:34.041Z] Session [38787c80-3ca9-11e8-985d-9d2043ca1d56] - page.onError - msg: TypeError: null is not an object (evaluating 'da_ua.match(/Version\/([0-9\.]+)/i)[1]')

  phantomjs://platform/console++.js:263 in error
[ERROR - 2018-04-10T10:23:34.041Z] Session [38787c80-3ca9-11e8-985d-9d2043ca1d56] - page.onError - stack:
  searchBrowserVersion (https://ssl.pstatic.net/tveta/libs/assets/js/pc/main/min/pc.veta.core.min.js?20170421:1)
  init (https://ssl.pstatic.net/tveta/libs/assets/js/pc/main/min/pc.veta.core.min.js?20170421:1)

  phantomjs://platform/console++.js:263 in error
[ERROR - 2018-04-10T10:23:34.046Z] Session [38787c80-3ca9-11e8-985d-9d2043ca1d56] - page.onError - msg: TypeError: null is not an object (evaluating 'da_ua.match(/Version\/([0-9\.]+)/i)[1]')

  phantomjs://platform/console++.js:263 in error
[ERROR - 2018-04-10T10:23:34.046Z] Session [38787c80-3ca9-11e8-985d-9d2043ca1d56] - page.onError - stack:
  searchBrowserVersion (https://ssl.pstatic.net/tveta/libs/assets/js/pc/main/min/pc.veta.core.min.js?20170222:1)
  init (https://ssl.pstatic.net/tveta/libs/assets/js/pc/main/min/pc.veta.core.min.js?20170222:1)

  phantomjs://platform/console++.js:263 in error
[ERROR - 2018-04-10T10:23:34.053Z] Session [38787c80-3ca9-11e8-985d-9d2043ca1d56] - page.onError - msg: TypeError: null is not an object (evaluating 'da_ua.match(/Version\/([0-9\.]+)/i)[1]')

  phantomjs://platform/console++.js:263 in error
[ERROR - 2018-04-10T10:23:34.054Z] Session [38787c80-3ca9-11e8-985d-9d2043ca1d56] - page.onError - stack:
  searchBrowserVersion (https://ssl.pstatic.net/tveta/libs/assets/js/pc/main/min/pc.veta.core.min.js?20180328:1)
  init (https://ssl.pstatic.net/tveta/libs/assets/js/pc/main/min/pc.veta.core.min.js?20180328:1)

  phantomjs://platform/console++.js:263 in error
[ERROR - 2018-04-10T10:23:34.087Z] Session [38787c80-3ca9-11e8-985d-9d2043ca1d56] - page.onError - msg: TypeError: undefined is not a constructor (evaluating 'new Nimp')

  phantomjs://platform/console++.js:263 in error
[ERROR - 2018-04-10T10:23:34.089Z] Session [38787c80-3ca9-11e8-985d-9d2043ca1d56] - page.onError - stack:
  initAd (https://nv.veta.naver.com/fxshow?su=SU10079&nrefreshx=0:25)
  onload (https://nv.veta.naver.com/fxshow?su=SU10079&nrefreshx=0:9)

  phantomjs://platform/console++.js:263 in error
[ERROR - 2018-04-10T10:23:34.102Z] Session [38787c80-3ca9-11e8-985d-9d2043ca1d56] - page.onError - msg: TypeError: undefined is not a constructor (evaluating 'new Nimp')

  phantomjs://platform/console++.js:263 in error
[ERROR - 2018-04-10T10:23:34.102Z] Session [38787c80-3ca9-11e8-985d-9d2043ca1d56] - page.onError - stack:
  initAd (https://nv.veta.naver.com/fxshow?su=SU10078&nrefreshx=0:89)
  lazyLoading (https://nv.veta.naver.com/fxshow?su=SU10078&nrefreshx=0:84)
  onload (https://nv.veta.naver.com/fxshow?su=SU10078&nrefreshx=0:73)

  phantomjs://platform/console++.js:263 in error
[ERROR - 2018-04-10T10:23:34.406Z] Session [38787c80-3ca9-11e8-985d-9d2043ca1d56] - page.onError - msg: TypeError: null is not an object (evaluating 'da_ua.match(/Version\/([0-9\.]+)/i)[1]')

  phantomjs://platform/console++.js:263 in error
[ERROR - 2018-04-10T10:23:34.406Z] Session [38787c80-3ca9-11e8-985d-9d2043ca1d56] - page.onError - stack:
  searchBrowserVersion (https://ssl.pstatic.net/tveta/libs/assets/js/pc/main/min/pc.veta.core.min.js?20180330:1)
  init (https://ssl.pstatic.net/tveta/libs/assets/js/pc/main/min/pc.veta.core.min.js?20180330:1)

  phantomjs://platform/console++.js:263 in error
